<?xml version="1.0" encoding="UTF-8"?>
<testng-results ignored="0" total="2" passed="2" failed="0" skipped="0">
  <reporter-output>
  </reporter-output>
  <suite started-at="2025-01-31T13:23:54 IST" name="Suite" finished-at="2025-01-31T13:23:54 IST" duration-ms="59">
    <groups>
    </groups>
    <test started-at="2025-01-31T13:23:54 IST" name="Test" finished-at="2025-01-31T13:23:54 IST" duration-ms="59">
      <class name="testng_annotation_assertion.AllAnnotations">
        <test-method is-config="true" signature="bs()[pri:0, instance:testng_annotation_assertion.AllAnnotations@36fc695d]" started-at="2025-01-31T13:23:54 IST" name="bs" finished-at="2025-01-31T13:23:54 IST" duration-ms="13" status="PASS">
          <reporter-output>
          </reporter-output>
        </test-method> <!-- bs -->
        <test-method is-config="true" signature="bt()[pri:0, instance:testng_annotation_assertion.AllAnnotations@36fc695d]" started-at="2025-01-31T13:23:54 IST" name="bt" finished-at="2025-01-31T13:23:54 IST" duration-ms="1" status="PASS">
          <reporter-output>
          </reporter-output>
        </test-method> <!-- bt -->
        <test-method is-config="true" signature="bc()[pri:0, instance:testng_annotation_assertion.AllAnnotations@36fc695d]" started-at="2025-01-31T13:23:54 IST" name="bc" finished-at="2025-01-31T13:23:54 IST" duration-ms="1" status="PASS">
          <reporter-output>
          </reporter-output>
        </test-method> <!-- bc -->
        <test-method is-config="true" signature="bm()[pri:0, instance:testng_annotation_assertion.AllAnnotations@36fc695d]" started-at="2025-01-31T13:23:54 IST" name="bm" finished-at="2025-01-31T13:23:54 IST" duration-ms="0" status="PASS">
          <reporter-output>
          </reporter-output>
        </test-method> <!-- bm -->
        <test-method signature="tm1()[pri:1, instance:testng_annotation_assertion.AllAnnotations@36fc695d]" started-at="2025-01-31T13:23:54 IST" name="tm1" finished-at="2025-01-31T13:23:54 IST" duration-ms="12" status="PASS">
          <reporter-output>
          </reporter-output>
        </test-method> <!-- tm1 -->
        <test-method is-config="true" signature="am()[pri:0, instance:testng_annotation_assertion.AllAnnotations@36fc695d]" started-at="2025-01-31T13:23:54 IST" name="am" finished-at="2025-01-31T13:23:54 IST" duration-ms="1" status="PASS">
          <reporter-output>
          </reporter-output>
        </test-method> <!-- am -->
        <test-method is-config="true" signature="bm()[pri:0, instance:testng_annotation_assertion.AllAnnotations@36fc695d]" started-at="2025-01-31T13:23:54 IST" name="bm" finished-at="2025-01-31T13:23:54 IST" duration-ms="0" status="PASS">
          <reporter-output>
          </reporter-output>
        </test-method> <!-- bm -->
        <test-method signature="tm2()[pri:2, instance:testng_annotation_assertion.AllAnnotations@36fc695d]" started-at="2025-01-31T13:23:54 IST" name="tm2" finished-at="2025-01-31T13:23:54 IST" duration-ms="1" status="PASS">
          <reporter-output>
          </reporter-output>
        </test-method> <!-- tm2 -->
        <test-method is-config="true" signature="am()[pri:0, instance:testng_annotation_assertion.AllAnnotations@36fc695d]" started-at="2025-01-31T13:23:54 IST" name="am" finished-at="2025-01-31T13:23:54 IST" duration-ms="0" status="PASS">
          <reporter-output>
          </reporter-output>
        </test-method> <!-- am -->
        <test-method is-config="true" signature="ac()[pri:0, instance:testng_annotation_assertion.AllAnnotations@36fc695d]" started-at="2025-01-31T13:23:54 IST" name="ac" finished-at="2025-01-31T13:23:54 IST" duration-ms="1" status="PASS">
          <reporter-output>
          </reporter-output>
        </test-method> <!-- ac -->
        <test-method is-config="true" signature="at()[pri:0, instance:testng_annotation_assertion.AllAnnotations@36fc695d]" started-at="2025-01-31T13:23:54 IST" name="at" finished-at="2025-01-31T13:23:54 IST" duration-ms="0" status="PASS">
          <reporter-output>
          </reporter-output>
        </test-method> <!-- at -->
        <test-method is-config="true" signature="as()[pri:0, instance:testng_annotation_assertion.AllAnnotations@36fc695d]" started-at="2025-01-31T13:23:54 IST" name="as" finished-at="2025-01-31T13:23:54 IST" duration-ms="1" status="PASS">
          <reporter-output>
          </reporter-output>
        </test-method> <!-- as -->
      </class> <!-- testng_annotation_assertion.AllAnnotations -->
    </test> <!-- Test -->
  </suite> <!-- Suite -->
</testng-results>
