<?xml version="1.0" encoding="UTF-8"?>
<!-- Generated by org.testng.reporters.JUnitXMLReporter -->
<testsuite ignored="6" hostname="LIN51013488" failures="0" tests="3" name="my tests" time="0.174" errors="0" timestamp="2024-10-04T00:05:23 IST">
  <testcase classname="testng_dataProvider_grouping.Grouping" name="signupbyfacebook" time="0.021"/>
  <testcase classname="testng_dataProvider_grouping.Grouping" name="signupbytwitter" time="0.004"/>
  <testcase classname="testng_dataProvider_grouping.Grouping" name="paymentReturnbyBank" time="0.004"/>
  <testcase classname="testng_dataProvider_grouping.Grouping" name="signupbyemail" time="0.0">
    <ignored/>
  </testcase> <!-- signupbyemail -->
  <testcase classname="testng_dataProvider_grouping.Grouping" name="loginBytwitter" time="0.0">
    <ignored/>
  </testcase> <!-- loginBytwitter -->
  <testcase classname="testng_dataProvider_grouping.Grouping" name="paymentindollar" time="0.0">
    <ignored/>
  </testcase> <!-- paymentindollar -->
  <testcase classname="testng_dataProvider_grouping.Grouping" name="paymentinrupees" time="0.0">
    <ignored/>
  </testcase> <!-- paymentinrupees -->
  <testcase classname="testng_dataProvider_grouping.Grouping" name="loginByEmail" time="0.0">
    <ignored/>
  </testcase> <!-- loginByEmail -->
  <testcase classname="testng_dataProvider_grouping.Grouping" name="loginByfacebook" time="0.0">
    <ignored/>
  </testcase> <!-- loginByfacebook -->
</testsuite> <!-- my tests -->
