<?xml version="1.0" encoding="UTF-8"?>
<!-- Generated by org.testng.reporters.JUnitXMLReporter -->
<testsuite ignored="0" hostname="LIN51013488" failures="0" tests="3" name="mytest2" time="23.894" errors="0" timestamp="2023-06-19T23:01:56 IST">
  <testcase classname="assignments.Parallel_execution" name="login" time="1.282"/>
  <testcase classname="assignments.Parallel_execution" name="checktitle" time="1.775"/>
  <testcase classname="assignments.Parallel_execution" name="logout" time="4.001"/>
</testsuite> <!-- mytest2 -->
