<?xml version="1.0" encoding="UTF-8"?>
<!-- Generated by org.testng.reporters.JUnitXMLReporter -->
<testsuite ignored="0" hostname="LIN51013488" failures="0" tests="3" name="mytest1" time="21.253" errors="0" timestamp="2023-06-19T23:01:53 IST">
  <testcase classname="assignments.Parallel_execution" name="login" time="2.945"/>
  <testcase classname="assignments.Parallel_execution" name="checktitle" time="0.046"/>
  <testcase classname="assignments.Parallel_execution" name="logout" time="2.573"/>
</testsuite> <!-- mytest1 -->
