<?xml version="1.0" encoding="UTF-8"?>
<!-- Generated by org.testng.reporters.JUnitReportReporter -->
<testsuite hostname="LIN51013488" failures="0" tests="2" name="assignments.Page_Object_Test" time="2.663" errors="0" timestamp="2023-06-20T00:24:27 IST" skipped="0">
  <testcase classname="assignments.Page_Object_Test" name="verification" time="0.071"/>
  <system-out/>
  <testcase classname="assignments.Page_Object_Test" name="login" time="2.592"/>
  <system-out/>
</testsuite> <!-- assignments.Page_Object_Test -->
