<?xml version="1.0" encoding="UTF-8"?>
<!-- Generated by org.testng.reporters.JUnitReportReporter -->
<testsuite hostname="LIN51013488" failures="0" tests="4" name="assignments.Asserts_Annotation2" time="0.006" errors="0" timestamp="2023-06-16T15:57:39 IST" skipped="0">
  <testcase classname="assignments.Asserts_Annotation2" name="testA" time="0.001"/>
  <system-out/>
  <testcase classname="assignments.Asserts_Annotation2" name="testA" time="0.002"/>
  <system-out/>
  <testcase classname="assignments.Asserts_Annotation2" name="testB" time="0.002"/>
  <system-out/>
  <testcase classname="assignments.Asserts_Annotation2" name="testB" time="0.001"/>
  <system-out/>
</testsuite> <!-- assignments.Asserts_Annotation2 -->
