<?xml version="1.0" encoding="UTF-8"?>
<!-- Generated by org.testng.reporters.JUnitReportReporter -->
<testsuite hostname="LIN51013488" failures="0" tests="6" name="assignments.Parallel_execution" time="12.622" errors="0" timestamp="2023-06-19T23:01:56 IST" skipped="0">
  <testcase classname="assignments.Parallel_execution" name="login" time="1.282"/>
  <system-out/>
  <testcase classname="assignments.Parallel_execution" name="login" time="2.945"/>
  <system-out/>
  <testcase classname="assignments.Parallel_execution" name="checktitle" time="0.046"/>
  <system-out/>
  <testcase classname="assignments.Parallel_execution" name="checktitle" time="1.775"/>
  <system-out/>
  <testcase classname="assignments.Parallel_execution" name="logout" time="4.001"/>
  <system-out/>
  <testcase classname="assignments.Parallel_execution" name="logout" time="2.573"/>
  <system-out/>
</testsuite> <!-- assignments.Parallel_execution -->
