<?xml version="1.0" encoding="UTF-8"?>
<!-- Generated by org.testng.reporters.JUnitReportReporter -->
<testsuite hostname="LAPTOP-2PBSJ046" failures="0" tests="2" name="testng_annotation_assertion.AllAnnotations" time="0.014" errors="0" timestamp="2025-01-31T13:23:54 IST" skipped="0">
  <testcase classname="testng_annotation_assertion.AllAnnotations" name="tm1" time="0.013"/>
  <system-out/>
  <testcase classname="testng_annotation_assertion.AllAnnotations" name="tm2" time="0.001"/>
  <system-out/>
</testsuite> <!-- testng_annotation_assertion.AllAnnotations -->
