<?xml version="1.0" encoding="UTF-8"?>
<!-- Generated by org.testng.reporters.JUnitReportReporter -->
<testsuite hostname="LIN51013488" failures="0" tests="4" name="assignments.ProwessRegistrationPage" time="11.121" errors="0" timestamp="2023-06-15T21:06:07 IST" skipped="0">
  <testcase classname="assignments.ProwessRegistrationPage" name="firstTest" time="9.675"/>
  <system-out/>
  <testcase classname="assignments.ProwessRegistrationPage" name="DOB" time="1.098"/>
  <system-out/>
  <testcase classname="assignments.ProwessRegistrationPage" name="address" time="0.272"/>
  <system-out/>
  <testcase classname="assignments.ProwessRegistrationPage" name="register" time="0.076"/>
  <system-out/>
</testsuite> <!-- assignments.ProwessRegistrationPage -->
