<?xml version="1.0" encoding="UTF-8"?>
<!-- Generated by org.testng.reporters.JUnitReportReporter -->
<testsuite hostname="LIN51013488" failures="0" tests="10" name="testng_parallelTest_InvocationCount.InvocationCountDemo" time="0.045" errors="0" timestamp="2024-10-04T01:03:00 IST" skipped="0">
  <testcase classname="testng_parallelTest_InvocationCount.InvocationCountDemo" name="test" time="0.003"/>
  <testcase classname="testng_parallelTest_InvocationCount.InvocationCountDemo" name="test" time="0.005"/>
  <testcase classname="testng_parallelTest_InvocationCount.InvocationCountDemo" name="test" time="0.018"/>
  <testcase classname="testng_parallelTest_InvocationCount.InvocationCountDemo" name="test" time="0.002"/>
  <testcase classname="testng_parallelTest_InvocationCount.InvocationCountDemo" name="test" time="0.003"/>
  <testcase classname="testng_parallelTest_InvocationCount.InvocationCountDemo" name="test" time="0.003"/>
  <testcase classname="testng_parallelTest_InvocationCount.InvocationCountDemo" name="test" time="0.004"/>
  <testcase classname="testng_parallelTest_InvocationCount.InvocationCountDemo" name="test" time="0.003"/>
  <testcase classname="testng_parallelTest_InvocationCount.InvocationCountDemo" name="test" time="0.002"/>
  <testcase classname="testng_parallelTest_InvocationCount.InvocationCountDemo" name="test" time="0.002"/>
</testsuite> <!-- testng_parallelTest_InvocationCount.InvocationCountDemo -->
