<?xml version="1.0" encoding="UTF-8"?>
<!-- Generated by org.testng.reporters.JUnitReportReporter -->
<testsuite hostname="LIN51013488" failures="0" tests="2" name="testng_annotation_assertion_2.Class1" time="0.012" errors="0" timestamp="2024-10-04T00:01:30 IST" skipped="0">
  <testcase classname="testng_annotation_assertion_2.Class1" name="abc" time="0.010"/>
  <testcase classname="testng_annotation_assertion_2.Class1" name="abc" time="0.002"/>
</testsuite> <!-- testng_annotation_assertion_2.Class1 -->
