<?xml version="1.0" encoding="UTF-8"?>
<!-- Generated by org.testng.reporters.JUnitReportReporter -->
<testsuite hostname="LIN51013488" failures="0" tests="2" name="testng_annotation_assertion_2.Class2" time="0.007" errors="0" timestamp="2024-10-04T00:01:30 IST" skipped="0">
  <testcase classname="testng_annotation_assertion_2.Class2" name="xyz" time="0.004"/>
  <testcase classname="testng_annotation_assertion_2.Class2" name="xyz" time="0.003"/>
</testsuite> <!-- testng_annotation_assertion_2.Class2 -->
