<?xml version="1.0" encoding="UTF-8"?>
<!-- Generated by org.testng.reporters.JUnitReportReporter -->
<testsuite hostname="LAPTOP-2PBSJ046" failures="0" tests="4" name="testng_parallelTest_InvocationCount.ParamTest" time="0.154" errors="0" timestamp="2025-01-22T10:52:05 IST" skipped="0">
  <testcase classname="testng_parallelTest_InvocationCount.ParamTest" name="testLogo" time="0.061"/>
  <system-out/>
  <testcase classname="testng_parallelTest_InvocationCount.ParamTest" name="testLogo" time="0.061"/>
  <system-out/>
  <testcase classname="testng_parallelTest_InvocationCount.ParamTest" name="testHomePageTitle" time="0.016"/>
  <system-out/>
  <testcase classname="testng_parallelTest_InvocationCount.ParamTest" name="testHomePageTitle" time="0.016"/>
  <system-out/>
</testsuite> <!-- testng_parallelTest_InvocationCount.ParamTest -->
