<?xml version="1.0" encoding="UTF-8"?>
<!-- Generated by org.testng.reporters.JUnitReportReporter -->
<testsuite hostname="LIN51013488" failures="0" tests="3" name="testng_dataProvider_grouping.Grouping" time="0.029" errors="0" timestamp="2024-10-04T00:05:23 IST" skipped="0">
  <testcase classname="testng_dataProvider_grouping.Grouping" name="signupbyfacebook" time="0.021"/>
  <testcase classname="testng_dataProvider_grouping.Grouping" name="signupbytwitter" time="0.004"/>
  <testcase classname="testng_dataProvider_grouping.Grouping" name="paymentReturnbyBank" time="0.004"/>
</testsuite> <!-- testng_dataProvider_grouping.Grouping -->
