<?xml version="1.0" encoding="UTF-8"?>
<!-- Generated by org.testng.reporters.JUnitReportReporter -->
<testsuite hostname="LIN51013488" failures="0" tests="3" name="q_excel_test.ThirdTestCase" time="0.013" errors="0" timestamp="2024-10-03T18:12:26 IST" skipped="0">
  <testcase classname="q_excel_test.ThirdTestCase" name="test1" time="0.002"/>
  <testcase classname="q_excel_test.ThirdTestCase" name="test2" time="0.004"/>
  <testcase classname="q_excel_test.ThirdTestCase" name="test3" time="0.007"/>
</testsuite> <!-- q_excel_test.ThirdTestCase -->
